<?xml version="1.0" encoding="UTF-8"?>
<!-- Generated by org.testng.reporters.JUnitReportReporter -->
<testsuite hostname="192.168.1.12" failures="0" tests="4" name="com.LMAUTOmation.APMAutomation.cases.TestCase2" time="0.031" errors="0" timestamp="19 Jun 2022 09:17:09 GMT" skipped="0">
  <testcase classname="com.LMAUTOmation.APMAutomation.cases.TestCase2" name="B" time="0.010"/>
  <testcase classname="com.LMAUTOmation.APMAutomation.cases.TestCase2" name="D" time="0.006"/>
  <testcase classname="com.LMAUTOmation.APMAutomation.cases.TestCase2" name="C" time="0.003"/>
  <testcase classname="com.LMAUTOmation.APMAutomation.cases.TestCase2" name="A" time="0.012"/>
</testsuite> <!-- com.LMAUTOmation.APMAutomation.cases.TestCase2 -->
