<?xml version="1.0" encoding="UTF-8"?>
<!-- Generated by org.testng.reporters.JUnitReportReporter -->
<testsuite hostname="192.168.1.12" failures="0" tests="1" name="com.LMAUTOmation.APMAutomation.cases.TestCase1" time="0.413" errors="0" timestamp="19 Jun 2022 14:11:49 GMT" skipped="0">
  <testcase classname="com.LMAUTOmation.APMAutomation.cases.TestCase1" name="test1" time="0.413"/>
</testsuite> <!-- com.LMAUTOmation.APMAutomation.cases.TestCase1 -->
